    0 KSP Error norm 2.079036875985e+00 resid norm 2.456404128924e+01
    1 KSP Error norm 2.032251767618e+00 resid norm 9.009161468999e+00
    2 KSP Error norm 1.986597819013e+00 resid norm 5.168685617385e+00
    3 KSP Error norm 1.943212114152e+00 resid norm 4.011779626630e+00
    4 KSP Error norm 1.899424528997e+00 resid norm 3.084297958347e+00
    5 KSP Error norm 1.854724130606e+00 resid norm 2.463950455003e+00
    6 KSP Error norm 1.811457032206e+00 resid norm 2.192079337323e+00
    7 KSP Error norm 1.768936588730e+00 resid norm 1.858382017487e+00
    8 KSP Error norm 1.726327812574e+00 resid norm 1.602122619755e+00
    9 KSP Error norm 1.684607815107e+00 resid norm 1.467816281892e+00
   10 KSP Error norm 1.644317462240e+00 resid norm 1.284757858571e+00
   11 KSP Error norm 1.602976864934e+00 resid norm 1.200067822389e+00
   12 KSP Error norm 1.562782139281e+00 resid norm 1.107611134238e+00
   13 KSP Error norm 1.523415265476e+00 resid norm 1.001306779121e+00
   14 KSP Error norm 1.482908803154e+00 resid norm 9.367077263385e-01
   15 KSP Error norm 1.444968489992e+00 resid norm 8.660862078807e-01
   16 KSP Error norm 1.407381610370e+00 resid norm 8.116354195651e-01
   17 KSP Error norm 1.368490294846e+00 resid norm 7.620720739012e-01
   18 KSP Error norm 1.331800295379e+00 resid norm 7.149551072212e-01
   19 KSP Error norm 1.295550345438e+00 resid norm 6.699582988946e-01
   20 KSP Error norm 1.259164915782e+00 resid norm 6.361989204577e-01
   21 KSP Error norm 1.223382664015e+00 resid norm 6.062379039417e-01
   22 KSP Error norm 1.187688321736e+00 resid norm 5.774874312333e-01
   23 KSP Error norm 1.152104892712e+00 resid norm 5.403250097376e-01
   24 KSP Error norm 1.117862342108e+00 resid norm 5.178849619294e-01
   25 KSP Error norm 1.083593469463e+00 resid norm 4.900245944914e-01
   26 KSP Error norm 1.048979546777e+00 resid norm 4.684470583032e-01
   27 KSP Error norm 1.015641403457e+00 resid norm 4.497315260881e-01
   28 KSP Error norm 9.824774766513e-01 resid norm 4.319644537184e-01
   29 KSP Error norm 9.484176898535e-01 resid norm 4.109419665922e-01
   30 KSP Error norm 9.162630499578e-01 resid norm 3.933781806031e-01
   31 KSP Error norm 8.835234060457e-01 resid norm 3.825839783568e-01
   32 KSP Error norm 8.497977907444e-01 resid norm 3.668121774286e-01
   33 KSP Error norm 8.169679400491e-01 resid norm 3.536211615420e-01
   34 KSP Error norm 7.834485402647e-01 resid norm 3.411740668804e-01
   35 KSP Error norm 7.505961408378e-01 resid norm 3.282478357518e-01
   36 KSP Error norm 7.173395237113e-01 resid norm 3.189068437464e-01
   37 KSP Error norm 6.836239115298e-01 resid norm 3.100130200596e-01
   38 KSP Error norm 6.497896892697e-01 resid norm 3.081579483211e-01
   39 KSP Error norm 6.097209471513e-01 resid norm 3.377078697385e-01
   40 KSP Error norm 5.558158136290e-01 resid norm 3.970104013179e-01
   41 KSP Error norm 4.735391073539e-01 resid norm 4.662080851576e-01
   42 KSP Error norm 3.826630617916e-01 resid norm 4.001773997475e-01
   43 KSP Error norm 3.367506364810e-01 resid norm 2.874911382505e-01
   44 KSP Error norm 3.090272099220e-01 resid norm 2.702755742950e-01
   45 KSP Error norm 2.747930723281e-01 resid norm 2.664296535189e-01
   46 KSP Error norm 2.506542002091e-01 resid norm 2.238754141518e-01
   47 KSP Error norm 2.306847073596e-01 resid norm 2.154581476530e-01
   48 KSP Error norm 2.109354098319e-01 resid norm 1.949079459279e-01
   49 KSP Error norm 1.957397937530e-01 resid norm 1.786331756510e-01
   50 KSP Error norm 1.814026662066e-01 resid norm 1.639006427413e-01
   51 KSP Error norm 1.690880746909e-01 resid norm 1.557121445998e-01
   52 KSP Error norm 1.569922017614e-01 resid norm 1.419731808004e-01
   53 KSP Error norm 1.472468036780e-01 resid norm 1.307248602925e-01
   54 KSP Error norm 1.377008740456e-01 resid norm 1.190231625292e-01
   55 KSP Error norm 1.298285432604e-01 resid norm 1.098740631990e-01
   56 KSP Error norm 1.221126780852e-01 resid norm 1.006153824180e-01
   57 KSP Error norm 1.153217748612e-01 resid norm 9.339188359564e-02
   58 KSP Error norm 1.089827783332e-01 resid norm 8.777765612124e-02
   59 KSP Error norm 1.025897813635e-01 resid norm 8.309454714626e-02
   60 KSP Error norm 9.662796778894e-02 resid norm 7.815026200071e-02
   61 KSP Error norm 9.056294037733e-02 resid norm 7.525575099805e-02
   62 KSP Error norm 8.456364036083e-02 resid norm 7.214903321222e-02
   63 KSP Error norm 7.871091550404e-02 resid norm 6.757488073240e-02
   64 KSP Error norm 7.309964183877e-02 resid norm 6.458613349733e-02
   65 KSP Error norm 6.759936936945e-02 resid norm 6.156830571127e-02
   66 KSP Error norm 6.217455784582e-02 resid norm 5.900813096727e-02
   67 KSP Error norm 5.688285282016e-02 resid norm 5.546807451285e-02
   68 KSP Error norm 5.188449088588e-02 resid norm 5.293611600640e-02
   69 KSP Error norm 4.688727528784e-02 resid norm 5.079744001689e-02
   70 KSP Error norm 4.217939701730e-02 resid norm 4.783436292277e-02
   71 KSP Error norm 3.747437163006e-02 resid norm 4.667274450912e-02
   72 KSP Error norm 3.276510381678e-02 resid norm 4.417917222496e-02
   73 KSP Error norm 2.846517062343e-02 resid norm 4.127742764036e-02
   74 KSP Error norm 2.418774028516e-02 resid norm 4.007524903115e-02
   75 KSP Error norm 2.007789123707e-02 resid norm 3.773247695164e-02
   76 KSP Error norm 1.620464195313e-02 resid norm 3.569970299593e-02
   77 KSP Error norm 1.263044391442e-02 resid norm 3.288137682242e-02
   78 KSP Error norm 9.630610156992e-03 resid norm 2.955897700046e-02
   79 KSP Error norm 7.139674942231e-03 resid norm 2.571114923198e-02
   80 KSP Error norm 5.523507639856e-03 resid norm 1.978546239170e-02
   81 KSP Error norm 4.691535689097e-03 resid norm 1.424539827184e-02
   82 KSP Error norm 4.239205521267e-03 resid norm 1.033413666637e-02
   83 KSP Error norm 3.914939265340e-03 resid norm 8.852451921162e-03
   84 KSP Error norm 3.556228772397e-03 resid norm 8.364922411574e-03
   85 KSP Error norm 3.194487899949e-03 resid norm 7.191327990570e-03
   86 KSP Error norm 2.931947808933e-03 resid norm 5.631086773626e-03
   87 KSP Error norm 2.719353390729e-03 resid norm 4.926796681742e-03
   88 KSP Error norm 2.488225000567e-03 resid norm 4.630959313937e-03
   89 KSP Error norm 2.245169518082e-03 resid norm 4.223333083557e-03
   90 KSP Error norm 2.012934789604e-03 resid norm 3.946488195151e-03
   91 KSP Error norm 1.763778331100e-03 resid norm 3.776079032674e-03
   92 KSP Error norm 1.521491423958e-03 resid norm 3.414320996076e-03
   93 KSP Error norm 1.310184127193e-03 resid norm 3.046755318136e-03
   94 KSP Error norm 1.120956226149e-03 resid norm 2.764945815671e-03
   95 KSP Error norm 9.443922619373e-04 resid norm 2.461908291660e-03
   96 KSP Error norm 7.973967797799e-04 resid norm 2.154169082513e-03
   97 KSP Error norm 6.720967829320e-04 resid norm 1.915657001070e-03
   98 KSP Error norm 5.617610339254e-04 resid norm 1.635593928672e-03
   99 KSP Error norm 4.782266791775e-04 resid norm 1.399850852010e-03
  100 KSP Error norm 4.009591969867e-04 resid norm 1.244316126038e-03
  101 KSP Error norm 3.369601367636e-04 resid norm 1.072449733542e-03
  102 KSP Error norm 2.818527773958e-04 resid norm 9.317408590918e-04
  103 KSP Error norm 2.360847693251e-04 resid norm 8.012798375360e-04
  104 KSP Error norm 1.976261287122e-04 resid norm 6.785024267846e-04
  105 KSP Error norm 1.680709769416e-04 resid norm 5.721656523346e-04
  106 KSP Error norm 1.439343982134e-04 resid norm 4.832446553987e-04
  107 KSP Error norm 1.254696042406e-04 resid norm 3.976364387832e-04
  108 KSP Error norm 1.111634492611e-04 resid norm 3.287964586420e-04
  109 KSP Error norm 1.001120727087e-04 resid norm 2.764909389904e-04
  110 KSP Error norm 9.070178088255e-05 resid norm 2.315920696092e-04
  111 KSP Error norm 8.342348578120e-05 resid norm 1.920457974908e-04
  112 KSP Error norm 7.747587797178e-05 resid norm 1.619183845701e-04
  113 KSP Error norm 7.246271869081e-05 resid norm 1.361055015150e-04
  114 KSP Error norm 6.802837076682e-05 resid norm 1.163445515420e-04
  115 KSP Error norm 6.414792952651e-05 resid norm 1.001297097922e-04
  116 KSP Error norm 6.050614717659e-05 resid norm 8.997369455264e-05
  117 KSP Error norm 5.682045673188e-05 resid norm 8.532326311964e-05
  118 KSP Error norm 5.294978611755e-05 resid norm 8.137716170185e-05
  119 KSP Error norm 4.923502964049e-05 resid norm 7.679863604190e-05
  120 KSP Error norm 4.580886386149e-05 resid norm 6.905864955884e-05
  121 KSP Error norm 4.329076331299e-05 resid norm 5.593680153079e-05
  122 KSP Error norm 4.160895040338e-05 resid norm 4.517998198582e-05
  123 KSP Error norm 4.027293063741e-05 resid norm 3.974820327659e-05
  124 KSP Error norm 3.892539106690e-05 resid norm 3.927542872398e-05
  125 KSP Error norm 3.743730324890e-05 resid norm 3.825681515695e-05
  126 KSP Error norm 3.615153996492e-05 resid norm 3.291974051538e-05
  127 KSP Error norm 3.529130591880e-05 resid norm 2.754127154940e-05
  128 KSP Error norm 3.461203075065e-05 resid norm 2.474799237781e-05
  129 KSP Error norm 3.399139175366e-05 resid norm 2.265097977066e-05
  130 KSP Error norm 3.345784769725e-05 resid norm 2.031959005863e-05
  131 KSP Error norm 3.297565031055e-05 resid norm 1.976461398652e-05
  132 KSP Error norm 3.248378713584e-05 resid norm 1.939118892419e-05
  133 KSP Error norm 3.205335801611e-05 resid norm 1.727184765908e-05
  134 KSP Error norm 3.174870456622e-05 resid norm 1.521911579455e-05
  135 KSP Error norm 3.150146064479e-05 resid norm 1.390093854366e-05
  136 KSP Error norm 3.129572077625e-05 resid norm 1.255750709634e-05
  137 KSP Error norm 3.113259335326e-05 resid norm 1.157008737953e-05
  138 KSP Error norm 3.098537767423e-05 resid norm 1.102983152871e-05
  139 KSP Error norm 3.085617147039e-05 resid norm 1.049551351706e-05
  140 KSP Error norm 3.074408717927e-05 resid norm 9.924903201314e-06
  141 KSP Error norm 3.065291470885e-05 resid norm 9.182209089902e-06
  142 KSP Error norm 3.057921446522e-05 resid norm 8.407322592993e-06
  143 KSP Error norm 3.052395603099e-05 resid norm 7.396783490316e-06
  144 KSP Error norm 3.048592496964e-05 resid norm 6.548309038493e-06
  145 KSP Error norm 3.046021283289e-05 resid norm 5.654748033090e-06
  146 KSP Error norm 3.044485048539e-05 resid norm 4.800043782058e-06
  147 KSP Error norm 3.043582673298e-05 resid norm 4.007877810540e-06
  148 KSP Error norm 3.043010694706e-05 resid norm 3.279424053871e-06
  149 KSP Error norm 3.042483344227e-05 resid norm 2.690569728869e-06
  150 KSP Error norm 3.041958668511e-05 resid norm 2.242319633729e-06
  151 KSP Error norm 3.041428446907e-05 resid norm 1.906886661619e-06
  152 KSP Error norm 3.040919426413e-05 resid norm 1.632900146465e-06
  153 KSP Error norm 3.040496433355e-05 resid norm 1.430242202443e-06
  154 KSP Error norm 3.040145261219e-05 resid norm 1.237511469506e-06
  155 KSP Error norm 3.039895000575e-05 resid norm 1.039211095784e-06
  156 KSP Error norm 3.039729065440e-05 resid norm 8.383214714877e-07
  157 KSP Error norm 3.039646256179e-05 resid norm 6.609469912275e-07
  158 KSP Error norm 3.039613613464e-05 resid norm 5.032165291098e-07
  159 KSP Error norm 3.039600245767e-05 resid norm 3.892179807523e-07
  160 KSP Error norm 3.039603782917e-05 resid norm 3.193215228170e-07
  161 KSP Error norm 3.039618505135e-05 resid norm 2.895925931221e-07
  162 KSP Error norm 3.039638829324e-05 resid norm 2.901428563577e-07
  163 KSP Error norm 3.039671193901e-05 resid norm 3.058796891952e-07
  164 KSP Error norm 3.039712752433e-05 resid norm 3.066586822354e-07
  165 KSP Error norm 3.039748354847e-05 resid norm 2.697836725038e-07
  166 KSP Error norm 3.039769978909e-05 resid norm 2.277910574953e-07
  167 KSP Error norm 3.039776276879e-05 resid norm 2.075648899766e-07
  168 KSP Error norm 3.039771161154e-05 resid norm 1.993340832026e-07
  169 KSP Error norm 3.039761013015e-05 resid norm 1.906239397332e-07
  170 KSP Error norm 3.039748077152e-05 resid norm 1.738179676391e-07
  171 KSP Error norm 3.039731780822e-05 resid norm 1.617462864747e-07
  172 KSP Error norm 3.039711745691e-05 resid norm 1.494710907433e-07
  173 KSP Error norm 3.039689583391e-05 resid norm 1.304691834776e-07
  174 KSP Error norm 3.039666054871e-05 resid norm 1.141224081384e-07
  175 KSP Error norm 3.039641201428e-05 resid norm 1.035136970334e-07
  176 KSP Error norm 3.039620237311e-05 resid norm 8.936822758433e-08
  177 KSP Error norm 3.039605866289e-05 resid norm 7.406207699102e-08
  178 KSP Error norm 3.039597222979e-05 resid norm 6.324867034666e-08
  179 KSP Error norm 3.039590867126e-05 resid norm 5.587870841739e-08
  180 KSP Error norm 3.039584177657e-05 resid norm 5.223316498588e-08
  181 KSP Error norm 3.039576779334e-05 resid norm 4.950774066198e-08
  182 KSP Error norm 3.039568123710e-05 resid norm 4.563723976944e-08
  183 KSP Error norm 3.039558827079e-05 resid norm 4.192525563686e-08
  184 KSP Error norm 3.039549430059e-05 resid norm 3.792935970915e-08
  185 KSP Error norm 3.039540533006e-05 resid norm 3.335555790819e-08
  186 KSP Error norm 3.039533264945e-05 resid norm 2.868332900292e-08
  187 KSP Error norm 3.039527957116e-05 resid norm 2.530857086779e-08
  188 KSP Error norm 3.039524117131e-05 resid norm 2.322064234167e-08
  189 KSP Error norm 3.039521355961e-05 resid norm 2.080469304597e-08
  190 KSP Error norm 3.039519199241e-05 resid norm 1.929174809765e-08
  191 KSP Error norm 3.039517511041e-05 resid norm 1.953994877812e-08
  192 KSP Error norm 3.039516042540e-05 resid norm 2.020986596087e-08
  193 KSP Error norm 3.039514411399e-05 resid norm 2.086332223708e-08
  194 KSP Error norm 3.039512564245e-05 resid norm 2.175160674318e-08
  195 KSP Error norm 3.039510364400e-05 resid norm 2.175488324343e-08
  196 KSP Error norm 3.039508918698e-05 resid norm 2.115533046987e-08
  197 KSP Error norm 3.039508539877e-05 resid norm 2.025756200666e-08
  198 KSP Error norm 3.039509471022e-05 resid norm 1.843191995192e-08
  199 KSP Error norm 3.039511124426e-05 resid norm 1.569975712794e-08
  200 KSP Error norm 3.039513206752e-05 resid norm 1.329098354419e-08
  201 KSP Error norm 3.039515627370e-05 resid norm 1.177294187569e-08
  202 KSP Error norm 3.039518229453e-05 resid norm 1.051518921793e-08
  203 KSP Error norm 3.039520825874e-05 resid norm 9.424998399067e-09
  204 KSP Error norm 3.039523246929e-05 resid norm 8.457454340978e-09
  205 KSP Error norm 3.039525545291e-05 resid norm 7.417637679163e-09
  206 KSP Error norm 3.039527309458e-05 resid norm 6.300548600545e-09
  207 KSP Error norm 3.039528689851e-05 resid norm 5.345609533459e-09
  208 KSP Error norm 3.039529686685e-05 resid norm 4.406810361038e-09
  209 KSP Error norm 3.039530361802e-05 resid norm 3.581452101200e-09
  210 KSP Error norm 3.039530812873e-05 resid norm 3.091065259953e-09
  211 KSP Error norm 3.039531107043e-05 resid norm 2.926299645743e-09
  212 KSP Error norm 3.039531304167e-05 resid norm 2.779008760965e-09
  213 KSP Error norm 3.039531395078e-05 resid norm 2.437472956109e-09
